{"/Users/kondoukou/lytcycle/app/javascript/simulation.js": {"path":"/Users/kondoukou/lytcycle/app/javascript/simulation.js","statementMap":{"0":{"start":{"line":9,"column":22},"end":{"line":16,"column":1}},"1":{"start":{"line":17,"column":23},"end":{"line":17,"column":42}},"2":{"start":{"line":18,"column":26},"end":{"line":53,"column":1}},"3":{"start":{"line":58,"column":2},"end":{"line":58,"column":27}},"4":{"start":{"line":59,"column":2},"end":{"line":59,"column":49}},"5":{"start":{"line":60,"column":2},"end":{"line":60,"column":51}},"6":{"start":{"line":62,"column":2},"end":{"line":72,"column":7}},"7":{"start":{"line":71,"column":6},"end":{"line":71,"column":18}},"8":{"start":{"line":74,"column":2},"end":{"line":87,"column":7}},"9":{"start":{"line":81,"column":6},"end":{"line":81,"column":17}},"10":{"start":{"line":86,"column":6},"end":{"line":86,"column":18}},"11":{"start":{"line":89,"column":22},"end":{"line":89,"column":54}},"12":{"start":{"line":90,"column":2},"end":{"line":128,"column":3}},"13":{"start":{"line":92,"column":4},"end":{"line":109,"column":8}},"14":{"start":{"line":111,"column":4},"end":{"line":111,"column":51}},"15":{"start":{"line":112,"column":4},"end":{"line":120,"column":32}},"16":{"start":{"line":122,"column":4},"end":{"line":127,"column":9}},"17":{"start":{"line":126,"column":8},"end":{"line":126,"column":23}},"18":{"start":{"line":132,"column":0},"end":{"line":151,"column":3}},"19":{"start":{"line":133,"column":2},"end":{"line":133,"column":61}},"20":{"start":{"line":134,"column":2},"end":{"line":134,"column":53}},"21":{"start":{"line":137,"column":2},"end":{"line":150,"column":5}},"22":{"start":{"line":138,"column":4},"end":{"line":138,"column":27}},"23":{"start":{"line":139,"column":13},"end":{"line":139,"column":49}},"24":{"start":{"line":140,"column":15},"end":{"line":140,"column":46}},"25":{"start":{"line":141,"column":25},"end":{"line":141,"column":66}},"26":{"start":{"line":143,"column":27},"end":{"line":145,"column":5}},"27":{"start":{"line":144,"column":20},"end":{"line":144,"column":43}},"28":{"start":{"line":146,"column":4},"end":{"line":146,"column":39}},"29":{"start":{"line":147,"column":4},"end":{"line":147,"column":59}},"30":{"start":{"line":149,"column":4},"end":{"line":149,"column":27}},"31":{"start":{"line":153,"column":24},"end":{"line":153,"column":77}},"32":{"start":{"line":153,"column":54},"end":{"line":153,"column":76}},"33":{"start":{"line":154,"column":2},"end":{"line":154,"column":31}},"34":{"start":{"line":155,"column":2},"end":{"line":155,"column":42}},"35":{"start":{"line":156,"column":2},"end":{"line":156,"column":29}},"36":{"start":{"line":160,"column":11},"end":{"line":160,"column":47}},"37":{"start":{"line":161,"column":13},"end":{"line":161,"column":44}},"38":{"start":{"line":162,"column":23},"end":{"line":162,"column":64}},"39":{"start":{"line":164,"column":2},"end":{"line":164,"column":25}},"40":{"start":{"line":165,"column":2},"end":{"line":165,"column":29}},"41":{"start":{"line":166,"column":2},"end":{"line":166,"column":49}},"42":{"start":{"line":170,"column":2},"end":{"line":170,"column":59}},"43":{"start":{"line":170,"column":21},"end":{"line":170,"column":59}},"44":{"start":{"line":171,"column":2},"end":{"line":171,"column":37}},"45":{"start":{"line":172,"column":2},"end":{"line":172,"column":37}},"46":{"start":{"line":177,"column":2},"end":{"line":177,"column":29}},"47":{"start":{"line":178,"column":2},"end":{"line":178,"column":29}},"48":{"start":{"line":182,"column":2},"end":{"line":182,"column":47}},"49":{"start":{"line":182,"column":21},"end":{"line":182,"column":47}},"50":{"start":{"line":183,"column":2},"end":{"line":183,"column":26}},"51":{"start":{"line":184,"column":2},"end":{"line":184,"column":26}},"52":{"start":{"line":188,"column":2},"end":{"line":192,"column":35}},"53":{"start":{"line":189,"column":23},"end":{"line":189,"column":33}},"54":{"start":{"line":190,"column":23},"end":{"line":190,"column":33}},"55":{"start":{"line":191,"column":23},"end":{"line":191,"column":33}},"56":{"start":{"line":192,"column":23},"end":{"line":192,"column":33}},"57":{"start":{"line":194,"column":2},"end":{"line":194,"column":53}},"58":{"start":{"line":194,"column":25},"end":{"line":194,"column":28}},"59":{"start":{"line":194,"column":48},"end":{"line":194,"column":51}},"60":{"start":{"line":197,"column":0},"end":{"line":243,"column":3}},"61":{"start":{"line":198,"column":29},"end":{"line":198,"column":71}},"62":{"start":{"line":199,"column":2},"end":{"line":199,"column":26}},"63":{"start":{"line":200,"column":2},"end":{"line":240,"column":3}},"64":{"start":{"line":201,"column":23},"end":{"line":201,"column":54}},"65":{"start":{"line":202,"column":4},"end":{"line":237,"column":5}},"66":{"start":{"line":204,"column":6},"end":{"line":204,"column":29}},"67":{"start":{"line":205,"column":6},"end":{"line":205,"column":35}},"68":{"start":{"line":206,"column":6},"end":{"line":206,"column":37}},"69":{"start":{"line":207,"column":6},"end":{"line":207,"column":29}},"70":{"start":{"line":209,"column":6},"end":{"line":234,"column":7}},"71":{"start":{"line":210,"column":25},"end":{"line":210,"column":49}},"72":{"start":{"line":211,"column":8},"end":{"line":213,"column":9}},"73":{"start":{"line":212,"column":10},"end":{"line":212,"column":60}},"74":{"start":{"line":214,"column":21},"end":{"line":214,"column":42}},"75":{"start":{"line":215,"column":8},"end":{"line":215,"column":26}},"76":{"start":{"line":216,"column":8},"end":{"line":216,"column":41}},"77":{"start":{"line":217,"column":8},"end":{"line":217,"column":49}},"78":{"start":{"line":218,"column":8},"end":{"line":218,"column":47}},"79":{"start":{"line":221,"column":8},"end":{"line":228,"column":11}},"80":{"start":{"line":222,"column":10},"end":{"line":224,"column":11}},"81":{"start":{"line":223,"column":12},"end":{"line":223,"column":46}},"82":{"start":{"line":225,"column":10},"end":{"line":227,"column":11}},"83":{"start":{"line":226,"column":12},"end":{"line":226,"column":46}},"84":{"start":{"line":230,"column":8},"end":{"line":230,"column":37}},"85":{"start":{"line":231,"column":8},"end":{"line":231,"column":20}},"86":{"start":{"line":233,"column":8},"end":{"line":233,"column":37}},"87":{"start":{"line":236,"column":6},"end":{"line":236,"column":27}},"88":{"start":{"line":244,"column":0},"end":{"line":277,"column":3}},"89":{"start":{"line":245,"column":31},"end":{"line":245,"column":72}},"90":{"start":{"line":246,"column":2},"end":{"line":276,"column":3}},"91":{"start":{"line":247,"column":4},"end":{"line":275,"column":7}},"92":{"start":{"line":248,"column":6},"end":{"line":248,"column":29}},"93":{"start":{"line":249,"column":19},"end":{"line":249,"column":60}},"94":{"start":{"line":250,"column":23},"end":{"line":250,"column":41}},"95":{"start":{"line":251,"column":6},"end":{"line":251,"column":59}},"96":{"start":{"line":252,"column":6},"end":{"line":252,"column":65}},"97":{"start":{"line":253,"column":6},"end":{"line":253,"column":67}},"98":{"start":{"line":255,"column":6},"end":{"line":274,"column":11}},"99":{"start":{"line":265,"column":28},"end":{"line":265,"column":43}},"100":{"start":{"line":267,"column":10},"end":{"line":267,"column":40}},"101":{"start":{"line":269,"column":10},"end":{"line":269,"column":47}},"102":{"start":{"line":272,"column":10},"end":{"line":272,"column":41}}},"fnMap":{"0":{"name":"drawLink","decl":{"start":{"line":57,"column":22},"end":{"line":57,"column":30}},"loc":{"start":{"line":57,"column":53},"end":{"line":129,"column":1}},"line":57},"1":{"name":"(anonymous_1)","decl":{"start":{"line":70,"column":16},"end":{"line":70,"column":17}},"loc":{"start":{"line":70,"column":29},"end":{"line":72,"column":5}},"line":70},"2":{"name":"(anonymous_2)","decl":{"start":{"line":80,"column":15},"end":{"line":80,"column":16}},"loc":{"start":{"line":80,"column":28},"end":{"line":82,"column":5}},"line":80},"3":{"name":"(anonymous_3)","decl":{"start":{"line":85,"column":16},"end":{"line":85,"column":17}},"loc":{"start":{"line":85,"column":29},"end":{"line":87,"column":5}},"line":85},"4":{"name":"(anonymous_4)","decl":{"start":{"line":125,"column":10},"end":{"line":125,"column":11}},"loc":{"start":{"line":125,"column":23},"end":{"line":127,"column":7}},"line":125},"5":{"name":"(anonymous_5)","decl":{"start":{"line":132,"column":40},"end":{"line":132,"column":41}},"loc":{"start":{"line":132,"column":52},"end":{"line":151,"column":1}},"line":132},"6":{"name":"(anonymous_6)","decl":{"start":{"line":137,"column":39},"end":{"line":137,"column":40}},"loc":{"start":{"line":137,"column":50},"end":{"line":150,"column":3}},"line":137},"7":{"name":"(anonymous_7)","decl":{"start":{"line":144,"column":6},"end":{"line":144,"column":7}},"loc":{"start":{"line":144,"column":20},"end":{"line":144,"column":43}},"line":144},"8":{"name":"nodeClicked","decl":{"start":{"line":152,"column":9},"end":{"line":152,"column":20}},"loc":{"start":{"line":152,"column":23},"end":{"line":157,"column":1}},"line":152},"9":{"name":"(anonymous_9)","decl":{"start":{"line":153,"column":40},"end":{"line":153,"column":41}},"loc":{"start":{"line":153,"column":54},"end":{"line":153,"column":76}},"line":153},"10":{"name":"setFacilityDataToModal","decl":{"start":{"line":159,"column":9},"end":{"line":159,"column":31}},"loc":{"start":{"line":159,"column":42},"end":{"line":167,"column":1}},"line":159},"11":{"name":"dragstarted","decl":{"start":{"line":169,"column":9},"end":{"line":169,"column":20}},"loc":{"start":{"line":169,"column":28},"end":{"line":173,"column":1}},"line":169},"12":{"name":"dragged","decl":{"start":{"line":176,"column":9},"end":{"line":176,"column":16}},"loc":{"start":{"line":176,"column":24},"end":{"line":179,"column":1}},"line":176},"13":{"name":"dragended","decl":{"start":{"line":181,"column":9},"end":{"line":181,"column":18}},"loc":{"start":{"line":181,"column":26},"end":{"line":185,"column":1}},"line":181},"14":{"name":"ticked","decl":{"start":{"line":187,"column":9},"end":{"line":187,"column":15}},"loc":{"start":{"line":187,"column":18},"end":{"line":195,"column":1}},"line":187},"15":{"name":"(anonymous_15)","decl":{"start":{"line":189,"column":16},"end":{"line":189,"column":17}},"loc":{"start":{"line":189,"column":23},"end":{"line":189,"column":33}},"line":189},"16":{"name":"(anonymous_16)","decl":{"start":{"line":190,"column":16},"end":{"line":190,"column":17}},"loc":{"start":{"line":190,"column":23},"end":{"line":190,"column":33}},"line":190},"17":{"name":"(anonymous_17)","decl":{"start":{"line":191,"column":16},"end":{"line":191,"column":17}},"loc":{"start":{"line":191,"column":23},"end":{"line":191,"column":33}},"line":191},"18":{"name":"(anonymous_18)","decl":{"start":{"line":192,"column":16},"end":{"line":192,"column":17}},"loc":{"start":{"line":192,"column":23},"end":{"line":192,"column":33}},"line":192},"19":{"name":"(anonymous_19)","decl":{"start":{"line":194,"column":18},"end":{"line":194,"column":19}},"loc":{"start":{"line":194,"column":25},"end":{"line":194,"column":28}},"line":194},"20":{"name":"(anonymous_20)","decl":{"start":{"line":194,"column":41},"end":{"line":194,"column":42}},"loc":{"start":{"line":194,"column":48},"end":{"line":194,"column":51}},"line":194},"21":{"name":"(anonymous_21)","decl":{"start":{"line":197,"column":40},"end":{"line":197,"column":41}},"loc":{"start":{"line":197,"column":52},"end":{"line":243,"column":1}},"line":197},"22":{"name":"(anonymous_22)","decl":{"start":{"line":221,"column":23},"end":{"line":221,"column":24}},"loc":{"start":{"line":221,"column":34},"end":{"line":228,"column":9}},"line":221},"23":{"name":"(anonymous_23)","decl":{"start":{"line":244,"column":40},"end":{"line":244,"column":41}},"loc":{"start":{"line":244,"column":46},"end":{"line":277,"column":1}},"line":244},"24":{"name":"(anonymous_24)","decl":{"start":{"line":247,"column":51},"end":{"line":247,"column":52}},"loc":{"start":{"line":247,"column":62},"end":{"line":275,"column":5}},"line":247},"25":{"name":"(anonymous_25)","decl":{"start":{"line":265,"column":14},"end":{"line":265,"column":15}},"loc":{"start":{"line":265,"column":28},"end":{"line":265,"column":43}},"line":265},"26":{"name":"(anonymous_26)","decl":{"start":{"line":266,"column":14},"end":{"line":266,"column":15}},"loc":{"start":{"line":266,"column":24},"end":{"line":270,"column":9}},"line":266},"27":{"name":"(anonymous_27)","decl":{"start":{"line":271,"column":15},"end":{"line":271,"column":16}},"loc":{"start":{"line":271,"column":26},"end":{"line":274,"column":9}},"line":271}},"branchMap":{"0":{"loc":{"start":{"line":90,"column":2},"end":{"line":128,"column":3}},"type":"if","locations":[{"start":{"line":90,"column":2},"end":{"line":128,"column":3}},{"start":{},"end":{}}],"line":90},"1":{"loc":{"start":{"line":170,"column":2},"end":{"line":170,"column":59}},"type":"if","locations":[{"start":{"line":170,"column":2},"end":{"line":170,"column":59}},{"start":{},"end":{}}],"line":170},"2":{"loc":{"start":{"line":182,"column":2},"end":{"line":182,"column":47}},"type":"if","locations":[{"start":{"line":182,"column":2},"end":{"line":182,"column":47}},{"start":{},"end":{}}],"line":182},"3":{"loc":{"start":{"line":200,"column":2},"end":{"line":240,"column":3}},"type":"if","locations":[{"start":{"line":200,"column":2},"end":{"line":240,"column":3}},{"start":{},"end":{}}],"line":200},"4":{"loc":{"start":{"line":202,"column":4},"end":{"line":237,"column":5}},"type":"if","locations":[{"start":{"line":202,"column":4},"end":{"line":237,"column":5}},{"start":{"line":208,"column":11},"end":{"line":237,"column":5}}],"line":202},"5":{"loc":{"start":{"line":211,"column":8},"end":{"line":213,"column":9}},"type":"if","locations":[{"start":{"line":211,"column":8},"end":{"line":213,"column":9}},{"start":{},"end":{}}],"line":211},"6":{"loc":{"start":{"line":222,"column":10},"end":{"line":224,"column":11}},"type":"if","locations":[{"start":{"line":222,"column":10},"end":{"line":224,"column":11}},{"start":{},"end":{}}],"line":222},"7":{"loc":{"start":{"line":225,"column":10},"end":{"line":227,"column":11}},"type":"if","locations":[{"start":{"line":225,"column":10},"end":{"line":227,"column":11}},{"start":{},"end":{}}],"line":225},"8":{"loc":{"start":{"line":246,"column":2},"end":{"line":276,"column":3}},"type":"if","locations":[{"start":{"line":246,"column":2},"end":{"line":276,"column":3}},{"start":{},"end":{}}],"line":246}},"s":{"0":1,"1":1,"2":1,"3":1,"4":1,"5":1,"6":1,"7":6,"8":1,"9":3,"10":3,"11":1,"12":1,"13":1,"14":1,"15":1,"16":1,"17":0,"18":1,"19":0,"20":0,"21":0,"22":0,"23":0,"24":0,"25":0,"26":0,"27":0,"28":0,"29":0,"30":0,"31":0,"32":0,"33":0,"34":0,"35":0,"36":0,"37":0,"38":0,"39":0,"40":0,"41":0,"42":0,"43":0,"44":0,"45":0,"46":0,"47":0,"48":0,"49":0,"50":0,"51":0,"52":1,"53":6,"54":6,"55":6,"56":6,"57":1,"58":3,"59":3,"60":1,"61":0,"62":0,"63":0,"64":0,"65":0,"66":0,"67":0,"68":0,"69":0,"70":0,"71":0,"72":0,"73":0,"74":0,"75":0,"76":0,"77":0,"78":0,"79":0,"80":0,"81":0,"82":0,"83":0,"84":0,"85":0,"86":0,"87":0,"88":1,"89":0,"90":0,"91":0,"92":0,"93":0,"94":0,"95":0,"96":0,"97":0,"98":0,"99":0,"100":0,"101":0,"102":0},"f":{"0":1,"1":6,"2":3,"3":3,"4":0,"5":0,"6":0,"7":0,"8":0,"9":0,"10":0,"11":0,"12":0,"13":0,"14":1,"15":6,"16":6,"17":6,"18":6,"19":3,"20":3,"21":0,"22":0,"23":0,"24":0,"25":0,"26":0,"27":0},"b":{"0":[1,0],"1":[0,0],"2":[0,0],"3":[0,0],"4":[0,0],"5":[0,0],"6":[0,0],"7":[0,0],"8":[0,0]},"_coverageSchema":"1a1c01bbd47fc00a2c39e90264f33305004495a9","hash":"495af23e784acba6cd082b4884f1b70180aae289"}
,"/Users/kondoukou/lytcycle/app/javascript/simurate.js": {"path":"/Users/kondoukou/lytcycle/app/javascript/simurate.js","statementMap":{"0":{"start":{"line":13,"column":17},"end":{"line":48,"column":1}},"1":{"start":{"line":50,"column":16},"end":{"line":57,"column":1}},"2":{"start":{"line":59,"column":11},"end":{"line":69,"column":4}},"3":{"start":{"line":68,"column":4},"end":{"line":68,"column":16}},"4":{"start":{"line":83,"column":11},"end":{"line":96,"column":4}},"5":{"start":{"line":90,"column":4},"end":{"line":90,"column":15}},"6":{"start":{"line":95,"column":4},"end":{"line":95,"column":16}},"7":{"start":{"line":98,"column":20},"end":{"line":98,"column":52}},"8":{"start":{"line":99,"column":0},"end":{"line":128,"column":1}},"9":{"start":{"line":101,"column":19},"end":{"line":118,"column":5}},"10":{"start":{"line":120,"column":2},"end":{"line":120,"column":50}},"11":{"start":{"line":122,"column":2},"end":{"line":127,"column":7}},"12":{"start":{"line":126,"column":6},"end":{"line":126,"column":21}},"13":{"start":{"line":130,"column":2},"end":{"line":134,"column":35}},"14":{"start":{"line":131,"column":23},"end":{"line":131,"column":33}},"15":{"start":{"line":132,"column":23},"end":{"line":132,"column":33}},"16":{"start":{"line":133,"column":23},"end":{"line":133,"column":33}},"17":{"start":{"line":134,"column":23},"end":{"line":134,"column":33}},"18":{"start":{"line":136,"column":2},"end":{"line":136,"column":53}},"19":{"start":{"line":136,"column":25},"end":{"line":136,"column":28}},"20":{"start":{"line":136,"column":48},"end":{"line":136,"column":51}},"21":{"start":{"line":143,"column":4},"end":{"line":143,"column":32}},"22":{"start":{"line":145,"column":4},"end":{"line":145,"column":25}},"23":{"start":{"line":146,"column":4},"end":{"line":146,"column":29}},"24":{"start":{"line":147,"column":4},"end":{"line":147,"column":33}},"25":{"start":{"line":148,"column":4},"end":{"line":148,"column":26}},"26":{"start":{"line":149,"column":4},"end":{"line":149,"column":26}},"27":{"start":{"line":150,"column":4},"end":{"line":150,"column":27}},"28":{"start":{"line":151,"column":4},"end":{"line":151,"column":22}},"29":{"start":{"line":155,"column":4},"end":{"line":155,"column":46}},"30":{"start":{"line":173,"column":4},"end":{"line":173,"column":20}},"31":{"start":{"line":174,"column":4},"end":{"line":174,"column":20}},"32":{"start":{"line":178,"column":4},"end":{"line":178,"column":18}},"33":{"start":{"line":179,"column":4},"end":{"line":179,"column":23}},"34":{"start":{"line":183,"column":4},"end":{"line":183,"column":24}},"35":{"start":{"line":188,"column":4},"end":{"line":188,"column":23}},"36":{"start":{"line":189,"column":4},"end":{"line":189,"column":47}},"37":{"start":{"line":190,"column":4},"end":{"line":190,"column":33}},"38":{"start":{"line":191,"column":4},"end":{"line":217,"column":5}},"39":{"start":{"line":195,"column":8},"end":{"line":197,"column":10}},"40":{"start":{"line":196,"column":23},"end":{"line":196,"column":68}},"41":{"start":{"line":198,"column":8},"end":{"line":198,"column":42}},"42":{"start":{"line":199,"column":8},"end":{"line":199,"column":14}},"43":{"start":{"line":201,"column":8},"end":{"line":215,"column":9}},"44":{"start":{"line":202,"column":10},"end":{"line":202,"column":30}},"45":{"start":{"line":203,"column":10},"end":{"line":205,"column":12}},"46":{"start":{"line":204,"column":25},"end":{"line":204,"column":70}},"47":{"start":{"line":206,"column":10},"end":{"line":206,"column":44}},"48":{"start":{"line":208,"column":10},"end":{"line":208,"column":31}},"49":{"start":{"line":209,"column":10},"end":{"line":213,"column":12}},"50":{"start":{"line":211,"column":14},"end":{"line":212,"column":39}},"51":{"start":{"line":214,"column":10},"end":{"line":214,"column":44}},"52":{"start":{"line":216,"column":8},"end":{"line":216,"column":14}},"53":{"start":{"line":219,"column":4},"end":{"line":219,"column":31}},"54":{"start":{"line":220,"column":4},"end":{"line":220,"column":37}},"55":{"start":{"line":224,"column":18},"end":{"line":224,"column":34}},"56":{"start":{"line":226,"column":0},"end":{"line":226,"column":31}},"57":{"start":{"line":229,"column":18},"end":{"line":229,"column":49}},"58":{"start":{"line":230,"column":0},"end":{"line":230,"column":80}},"59":{"start":{"line":230,"column":56},"end":{"line":230,"column":78}},"60":{"start":{"line":234,"column":16},"end":{"line":234,"column":18}},"61":{"start":{"line":235,"column":10},"end":{"line":235,"column":11}},"62":{"start":{"line":237,"column":19},"end":{"line":237,"column":20}},"63":{"start":{"line":239,"column":11},"end":{"line":241,"column":4}},"64":{"start":{"line":242,"column":2},"end":{"line":242,"column":39}},"65":{"start":{"line":243,"column":2},"end":{"line":243,"column":27}},"66":{"start":{"line":245,"column":16},"end":{"line":245,"column":69}},"67":{"start":{"line":245,"column":44},"end":{"line":245,"column":68}},"68":{"start":{"line":247,"column":2},"end":{"line":325,"column":3}},"69":{"start":{"line":249,"column":4},"end":{"line":316,"column":5}},"70":{"start":{"line":250,"column":6},"end":{"line":258,"column":7}},"71":{"start":{"line":251,"column":8},"end":{"line":251,"column":35}},"72":{"start":{"line":252,"column":8},"end":{"line":252,"column":58}},"73":{"start":{"line":260,"column":6},"end":{"line":306,"column":7}},"74":{"start":{"line":262,"column":10},"end":{"line":262,"column":38}},"75":{"start":{"line":263,"column":10},"end":{"line":290,"column":11}},"76":{"start":{"line":264,"column":12},"end":{"line":266,"column":13}},"77":{"start":{"line":265,"column":14},"end":{"line":265,"column":44}},"78":{"start":{"line":267,"column":12},"end":{"line":267,"column":40}},"79":{"start":{"line":268,"column":12},"end":{"line":268,"column":39}},"80":{"start":{"line":269,"column":12},"end":{"line":269,"column":40}},"81":{"start":{"line":270,"column":12},"end":{"line":270,"column":67}},"82":{"start":{"line":271,"column":12},"end":{"line":271,"column":46}},"83":{"start":{"line":272,"column":12},"end":{"line":284,"column":17}},"84":{"start":{"line":287,"column":12},"end":{"line":287,"column":39}},"85":{"start":{"line":289,"column":12},"end":{"line":289,"column":31}},"86":{"start":{"line":291,"column":10},"end":{"line":291,"column":16}},"87":{"start":{"line":294,"column":10},"end":{"line":294,"column":39}},"88":{"start":{"line":295,"column":10},"end":{"line":295,"column":40}},"89":{"start":{"line":296,"column":10},"end":{"line":296,"column":16}},"90":{"start":{"line":299,"column":10},"end":{"line":299,"column":38}},"91":{"start":{"line":300,"column":10},"end":{"line":300,"column":40}},"92":{"start":{"line":301,"column":10},"end":{"line":301,"column":38}},"93":{"start":{"line":303,"column":10},"end":{"line":303,"column":47}},"94":{"start":{"line":304,"column":10},"end":{"line":304,"column":35}},"95":{"start":{"line":305,"column":10},"end":{"line":305,"column":16}},"96":{"start":{"line":308,"column":6},"end":{"line":315,"column":7}},"97":{"start":{"line":309,"column":8},"end":{"line":309,"column":39}},"98":{"start":{"line":310,"column":40},"end":{"line":310,"column":75}},"99":{"start":{"line":311,"column":8},"end":{"line":311,"column":43}},"100":{"start":{"line":312,"column":8},"end":{"line":312,"column":33}},"101":{"start":{"line":313,"column":8},"end":{"line":313,"column":44}},"102":{"start":{"line":314,"column":8},"end":{"line":314,"column":34}},"103":{"start":{"line":317,"column":4},"end":{"line":323,"column":5}},"104":{"start":{"line":319,"column":6},"end":{"line":322,"column":7}},"105":{"start":{"line":321,"column":8},"end":{"line":321,"column":37}},"106":{"start":{"line":324,"column":4},"end":{"line":324,"column":14}},"107":{"start":{"line":345,"column":14},"end":{"line":347,"column":3}},"108":{"start":{"line":348,"column":21},"end":{"line":357,"column":4}},"109":{"start":{"line":354,"column":15},"end":{"line":354,"column":58}},"110":{"start":{"line":355,"column":6},"end":{"line":355,"column":43}},"111":{"start":{"line":359,"column":2},"end":{"line":359,"column":22}},"112":{"start":{"line":362,"column":13},"end":{"line":362,"column":50}},"113":{"start":{"line":363,"column":20},"end":{"line":372,"column":3}},"114":{"start":{"line":374,"column":2},"end":{"line":374,"column":21}},"115":{"start":{"line":379,"column":20},"end":{"line":386,"column":3}},"116":{"start":{"line":388,"column":2},"end":{"line":388,"column":21}},"117":{"start":{"line":392,"column":13},"end":{"line":392,"column":42}},"118":{"start":{"line":393,"column":2},"end":{"line":393,"column":32}},"119":{"start":{"line":397,"column":16},"end":{"line":397,"column":53}},"120":{"start":{"line":398,"column":24},"end":{"line":398,"column":26}},"121":{"start":{"line":399,"column":2},"end":{"line":399,"column":35}},"122":{"start":{"line":400,"column":17},"end":{"line":400,"column":48}},"123":{"start":{"line":401,"column":2},"end":{"line":401,"column":67}},"124":{"start":{"line":402,"column":2},"end":{"line":402,"column":42}},"125":{"start":{"line":403,"column":2},"end":{"line":403,"column":18}},"126":{"start":{"line":407,"column":2},"end":{"line":407,"column":25}},"127":{"start":{"line":408,"column":2},"end":{"line":408,"column":27}},"128":{"start":{"line":413,"column":17},"end":{"line":413,"column":52}},"129":{"start":{"line":414,"column":2},"end":{"line":414,"column":38}},"130":{"start":{"line":417,"column":0},"end":{"line":422,"column":3}},"131":{"start":{"line":418,"column":16},"end":{"line":418,"column":54}},"132":{"start":{"line":419,"column":2},"end":{"line":421,"column":3}},"133":{"start":{"line":420,"column":4},"end":{"line":420,"column":55}},"134":{"start":{"line":424,"column":0},"end":{"line":429,"column":3}},"135":{"start":{"line":425,"column":16},"end":{"line":425,"column":53}},"136":{"start":{"line":426,"column":2},"end":{"line":428,"column":3}},"137":{"start":{"line":427,"column":4},"end":{"line":427,"column":60}},"138":{"start":{"line":431,"column":0},"end":{"line":436,"column":3}},"139":{"start":{"line":432,"column":16},"end":{"line":432,"column":53}},"140":{"start":{"line":433,"column":2},"end":{"line":435,"column":3}},"141":{"start":{"line":434,"column":4},"end":{"line":434,"column":60}},"142":{"start":{"line":438,"column":0},"end":{"line":443,"column":3}},"143":{"start":{"line":439,"column":16},"end":{"line":439,"column":54}},"144":{"start":{"line":440,"column":2},"end":{"line":442,"column":3}},"145":{"start":{"line":441,"column":4},"end":{"line":441,"column":61}},"146":{"start":{"line":445,"column":0},"end":{"line":450,"column":3}},"147":{"start":{"line":446,"column":19},"end":{"line":446,"column":62}},"148":{"start":{"line":447,"column":2},"end":{"line":449,"column":3}},"149":{"start":{"line":448,"column":4},"end":{"line":448,"column":62}},"150":{"start":{"line":453,"column":2},"end":{"line":453,"column":15}},"151":{"start":{"line":455,"column":0},"end":{"line":455,"column":21}}},"fnMap":{"0":{"name":"(anonymous_0)","decl":{"start":{"line":67,"column":14},"end":{"line":67,"column":15}},"loc":{"start":{"line":67,"column":27},"end":{"line":69,"column":3}},"line":67},"1":{"name":"(anonymous_1)","decl":{"start":{"line":89,"column":13},"end":{"line":89,"column":14}},"loc":{"start":{"line":89,"column":26},"end":{"line":91,"column":3}},"line":89},"2":{"name":"(anonymous_2)","decl":{"start":{"line":94,"column":14},"end":{"line":94,"column":15}},"loc":{"start":{"line":94,"column":27},"end":{"line":96,"column":3}},"line":94},"3":{"name":"(anonymous_3)","decl":{"start":{"line":125,"column":8},"end":{"line":125,"column":9}},"loc":{"start":{"line":125,"column":21},"end":{"line":127,"column":5}},"line":125},"4":{"name":"ticked","decl":{"start":{"line":129,"column":9},"end":{"line":129,"column":15}},"loc":{"start":{"line":129,"column":18},"end":{"line":137,"column":1}},"line":129},"5":{"name":"(anonymous_5)","decl":{"start":{"line":131,"column":16},"end":{"line":131,"column":17}},"loc":{"start":{"line":131,"column":23},"end":{"line":131,"column":33}},"line":131},"6":{"name":"(anonymous_6)","decl":{"start":{"line":132,"column":16},"end":{"line":132,"column":17}},"loc":{"start":{"line":132,"column":23},"end":{"line":132,"column":33}},"line":132},"7":{"name":"(anonymous_7)","decl":{"start":{"line":133,"column":16},"end":{"line":133,"column":17}},"loc":{"start":{"line":133,"column":23},"end":{"line":133,"column":33}},"line":133},"8":{"name":"(anonymous_8)","decl":{"start":{"line":134,"column":16},"end":{"line":134,"column":17}},"loc":{"start":{"line":134,"column":23},"end":{"line":134,"column":33}},"line":134},"9":{"name":"(anonymous_9)","decl":{"start":{"line":136,"column":18},"end":{"line":136,"column":19}},"loc":{"start":{"line":136,"column":25},"end":{"line":136,"column":28}},"line":136},"10":{"name":"(anonymous_10)","decl":{"start":{"line":136,"column":41},"end":{"line":136,"column":42}},"loc":{"start":{"line":136,"column":48},"end":{"line":136,"column":51}},"line":136},"11":{"name":"(anonymous_11)","decl":{"start":{"line":142,"column":2},"end":{"line":142,"column":3}},"loc":{"start":{"line":142,"column":26},"end":{"line":152,"column":3}},"line":142},"12":{"name":"(anonymous_12)","decl":{"start":{"line":154,"column":2},"end":{"line":154,"column":3}},"loc":{"start":{"line":154,"column":30},"end":{"line":156,"column":3}},"line":154},"13":{"name":"(anonymous_13)","decl":{"start":{"line":172,"column":2},"end":{"line":172,"column":3}},"loc":{"start":{"line":172,"column":16},"end":{"line":175,"column":3}},"line":172},"14":{"name":"(anonymous_14)","decl":{"start":{"line":177,"column":2},"end":{"line":177,"column":3}},"loc":{"start":{"line":177,"column":13},"end":{"line":180,"column":3}},"line":177},"15":{"name":"(anonymous_15)","decl":{"start":{"line":182,"column":2},"end":{"line":182,"column":3}},"loc":{"start":{"line":182,"column":20},"end":{"line":184,"column":3}},"line":182},"16":{"name":"(anonymous_16)","decl":{"start":{"line":186,"column":2},"end":{"line":186,"column":3}},"loc":{"start":{"line":186,"column":27},"end":{"line":221,"column":3}},"line":186},"17":{"name":"(anonymous_17)","decl":{"start":{"line":196,"column":10},"end":{"line":196,"column":11}},"loc":{"start":{"line":196,"column":23},"end":{"line":196,"column":68}},"line":196},"18":{"name":"(anonymous_18)","decl":{"start":{"line":204,"column":12},"end":{"line":204,"column":13}},"loc":{"start":{"line":204,"column":25},"end":{"line":204,"column":70}},"line":204},"19":{"name":"(anonymous_19)","decl":{"start":{"line":210,"column":12},"end":{"line":210,"column":13}},"loc":{"start":{"line":211,"column":14},"end":{"line":212,"column":39}},"line":211},"20":{"name":"(anonymous_20)","decl":{"start":{"line":230,"column":44},"end":{"line":230,"column":45}},"loc":{"start":{"line":230,"column":56},"end":{"line":230,"column":78}},"line":230},"21":{"name":"countStart","decl":{"start":{"line":233,"column":9},"end":{"line":233,"column":19}},"loc":{"start":{"line":233,"column":22},"end":{"line":342,"column":1}},"line":233},"22":{"name":"(anonymous_22)","decl":{"start":{"line":245,"column":32},"end":{"line":245,"column":33}},"loc":{"start":{"line":245,"column":44},"end":{"line":245,"column":68}},"line":245},"23":{"name":"getCountObject","decl":{"start":{"line":344,"column":9},"end":{"line":344,"column":23}},"loc":{"start":{"line":344,"column":35},"end":{"line":360,"column":1}},"line":344},"24":{"name":"(anonymous_24)","decl":{"start":{"line":353,"column":12},"end":{"line":353,"column":13}},"loc":{"start":{"line":353,"column":24},"end":{"line":356,"column":5}},"line":353},"25":{"name":"getAnimeObject","decl":{"start":{"line":361,"column":9},"end":{"line":361,"column":23}},"loc":{"start":{"line":361,"column":34},"end":{"line":375,"column":1}},"line":361},"26":{"name":"getMachineAnimeObject","decl":{"start":{"line":377,"column":9},"end":{"line":377,"column":30}},"loc":{"start":{"line":377,"column":33},"end":{"line":389,"column":1}},"line":377},"27":{"name":"loadInitialData","decl":{"start":{"line":391,"column":9},"end":{"line":391,"column":24}},"loc":{"start":{"line":391,"column":27},"end":{"line":394,"column":1}},"line":391},"28":{"name":"saveInitialData","decl":{"start":{"line":396,"column":9},"end":{"line":396,"column":24}},"loc":{"start":{"line":396,"column":27},"end":{"line":404,"column":1}},"line":396},"29":{"name":"clearInitialData","decl":{"start":{"line":406,"column":9},"end":{"line":406,"column":25}},"loc":{"start":{"line":406,"column":28},"end":{"line":409,"column":1}},"line":406},"30":{"name":"toggleUserMenu","decl":{"start":{"line":411,"column":9},"end":{"line":411,"column":23}},"loc":{"start":{"line":411,"column":26},"end":{"line":415,"column":1}},"line":411},"31":{"name":"(anonymous_31)","decl":{"start":{"line":417,"column":46},"end":{"line":417,"column":47}},"loc":{"start":{"line":417,"column":52},"end":{"line":422,"column":1}},"line":417},"32":{"name":"(anonymous_32)","decl":{"start":{"line":424,"column":46},"end":{"line":424,"column":47}},"loc":{"start":{"line":424,"column":52},"end":{"line":429,"column":1}},"line":424},"33":{"name":"(anonymous_33)","decl":{"start":{"line":431,"column":46},"end":{"line":431,"column":47}},"loc":{"start":{"line":431,"column":52},"end":{"line":436,"column":1}},"line":431},"34":{"name":"(anonymous_34)","decl":{"start":{"line":438,"column":46},"end":{"line":438,"column":47}},"loc":{"start":{"line":438,"column":52},"end":{"line":443,"column":1}},"line":438},"35":{"name":"(anonymous_35)","decl":{"start":{"line":445,"column":46},"end":{"line":445,"column":47}},"loc":{"start":{"line":445,"column":52},"end":{"line":450,"column":1}},"line":445},"36":{"name":"sum","decl":{"start":{"line":452,"column":9},"end":{"line":452,"column":12}},"loc":{"start":{"line":452,"column":19},"end":{"line":454,"column":1}},"line":452}},"branchMap":{"0":{"loc":{"start":{"line":99,"column":0},"end":{"line":128,"column":1}},"type":"if","locations":[{"start":{"line":99,"column":0},"end":{"line":128,"column":1}},{"start":{},"end":{}}],"line":99},"1":{"loc":{"start":{"line":191,"column":4},"end":{"line":217,"column":5}},"type":"switch","locations":[{"start":{"line":192,"column":6},"end":{"line":192,"column":19}},{"start":{"line":194,"column":6},"end":{"line":199,"column":14}},{"start":{"line":200,"column":6},"end":{"line":216,"column":14}}],"line":191},"2":{"loc":{"start":{"line":201,"column":8},"end":{"line":215,"column":9}},"type":"if","locations":[{"start":{"line":201,"column":8},"end":{"line":215,"column":9}},{"start":{"line":207,"column":15},"end":{"line":215,"column":9}}],"line":201},"3":{"loc":{"start":{"line":211,"column":14},"end":{"line":212,"column":39}},"type":"binary-expr","locations":[{"start":{"line":211,"column":14},"end":{"line":211,"column":59}},{"start":{"line":212,"column":14},"end":{"line":212,"column":39}}],"line":211},"4":{"loc":{"start":{"line":249,"column":4},"end":{"line":316,"column":5}},"type":"if","locations":[{"start":{"line":249,"column":4},"end":{"line":316,"column":5}},{"start":{"line":259,"column":11},"end":{"line":316,"column":5}}],"line":249},"5":{"loc":{"start":{"line":250,"column":6},"end":{"line":258,"column":7}},"type":"if","locations":[{"start":{"line":250,"column":6},"end":{"line":258,"column":7}},{"start":{"line":256,"column":13},"end":{"line":258,"column":7}}],"line":250},"6":{"loc":{"start":{"line":260,"column":6},"end":{"line":306,"column":7}},"type":"switch","locations":[{"start":{"line":261,"column":8},"end":{"line":291,"column":16}},{"start":{"line":293,"column":8},"end":{"line":296,"column":16}},{"start":{"line":298,"column":8},"end":{"line":305,"column":16}}],"line":260},"7":{"loc":{"start":{"line":263,"column":10},"end":{"line":290,"column":11}},"type":"if","locations":[{"start":{"line":263,"column":10},"end":{"line":290,"column":11}},{"start":{"line":286,"column":17},"end":{"line":290,"column":11}}],"line":263},"8":{"loc":{"start":{"line":263,"column":14},"end":{"line":263,"column":68}},"type":"binary-expr","locations":[{"start":{"line":263,"column":14},"end":{"line":263,"column":35}},{"start":{"line":263,"column":39},"end":{"line":263,"column":68}}],"line":263},"9":{"loc":{"start":{"line":264,"column":12},"end":{"line":266,"column":13}},"type":"if","locations":[{"start":{"line":264,"column":12},"end":{"line":266,"column":13}},{"start":{},"end":{}}],"line":264},"10":{"loc":{"start":{"line":308,"column":6},"end":{"line":315,"column":7}},"type":"if","locations":[{"start":{"line":308,"column":6},"end":{"line":315,"column":7}},{"start":{},"end":{}}],"line":308},"11":{"loc":{"start":{"line":317,"column":4},"end":{"line":323,"column":5}},"type":"if","locations":[{"start":{"line":317,"column":4},"end":{"line":323,"column":5}},{"start":{},"end":{}}],"line":317},"12":{"loc":{"start":{"line":319,"column":6},"end":{"line":322,"column":7}},"type":"if","locations":[{"start":{"line":319,"column":6},"end":{"line":322,"column":7}},{"start":{},"end":{}}],"line":319},"13":{"loc":{"start":{"line":419,"column":2},"end":{"line":421,"column":3}},"type":"if","locations":[{"start":{"line":419,"column":2},"end":{"line":421,"column":3}},{"start":{},"end":{}}],"line":419},"14":{"loc":{"start":{"line":426,"column":2},"end":{"line":428,"column":3}},"type":"if","locations":[{"start":{"line":426,"column":2},"end":{"line":428,"column":3}},{"start":{},"end":{}}],"line":426},"15":{"loc":{"start":{"line":433,"column":2},"end":{"line":435,"column":3}},"type":"if","locations":[{"start":{"line":433,"column":2},"end":{"line":435,"column":3}},{"start":{},"end":{}}],"line":433},"16":{"loc":{"start":{"line":440,"column":2},"end":{"line":442,"column":3}},"type":"if","locations":[{"start":{"line":440,"column":2},"end":{"line":442,"column":3}},{"start":{},"end":{}}],"line":440},"17":{"loc":{"start":{"line":447,"column":2},"end":{"line":449,"column":3}},"type":"if","locations":[{"start":{"line":447,"column":2},"end":{"line":449,"column":3}},{"start":{},"end":{}}],"line":447}},"s":{"0":1,"1":1,"2":1,"3":0,"4":1,"5":0,"6":0,"7":1,"8":1,"9":0,"10":0,"11":0,"12":0,"13":0,"14":0,"15":0,"16":0,"17":0,"18":0,"19":0,"20":0,"21":1,"22":1,"23":1,"24":1,"25":1,"26":1,"27":1,"28":1,"29":0,"30":1,"31":1,"32":0,"33":0,"34":1,"35":0,"36":0,"37":0,"38":0,"39":0,"40":0,"41":0,"42":0,"43":0,"44":0,"45":0,"46":0,"47":0,"48":0,"49":0,"50":0,"51":0,"52":0,"53":0,"54":0,"55":1,"56":1,"57":1,"58":1,"59":1,"60":0,"61":0,"62":0,"63":0,"64":0,"65":0,"66":0,"67":0,"68":0,"69":0,"70":0,"71":0,"72":0,"73":0,"74":0,"75":0,"76":0,"77":0,"78":0,"79":0,"80":0,"81":0,"82":0,"83":0,"84":0,"85":0,"86":0,"87":0,"88":0,"89":0,"90":0,"91":0,"92":0,"93":0,"94":0,"95":0,"96":0,"97":0,"98":0,"99":0,"100":0,"101":0,"102":0,"103":0,"104":0,"105":0,"106":0,"107":0,"108":0,"109":0,"110":0,"111":0,"112":0,"113":0,"114":0,"115":0,"116":0,"117":0,"118":0,"119":0,"120":0,"121":0,"122":0,"123":0,"124":0,"125":0,"126":0,"127":0,"128":0,"129":0,"130":1,"131":0,"132":0,"133":0,"134":1,"135":0,"136":0,"137":0,"138":1,"139":0,"140":0,"141":0,"142":1,"143":0,"144":0,"145":0,"146":1,"147":0,"148":0,"149":0,"150":1,"151":1},"f":{"0":0,"1":0,"2":0,"3":0,"4":0,"5":0,"6":0,"7":0,"8":0,"9":0,"10":0,"11":1,"12":0,"13":1,"14":0,"15":1,"16":0,"17":0,"18":0,"19":0,"20":1,"21":0,"22":0,"23":0,"24":0,"25":0,"26":0,"27":0,"28":0,"29":0,"30":0,"31":0,"32":0,"33":0,"34":0,"35":0,"36":1},"b":{"0":[0,1],"1":[0,0,0],"2":[0,0],"3":[0,0],"4":[0,0],"5":[0,0],"6":[0,0,0],"7":[0,0],"8":[0,0],"9":[0,0],"10":[0,0],"11":[0,0],"12":[0,0],"13":[0,0],"14":[0,0],"15":[0,0],"16":[0,0],"17":[0,0]},"_coverageSchema":"1a1c01bbd47fc00a2c39e90264f33305004495a9","hash":"7aaaae9c01e23390697cc63183ed33e1348199bd"}
}
