TN:
SF:app/javascript/simurate.js
FN:67,(anonymous_0)
FN:89,(anonymous_1)
FN:94,(anonymous_2)
FN:125,(anonymous_3)
FN:129,ticked
FN:131,(anonymous_5)
FN:132,(anonymous_6)
FN:133,(anonymous_7)
FN:134,(anonymous_8)
FN:136,(anonymous_9)
FN:136,(anonymous_10)
FN:142,(anonymous_11)
FN:154,(anonymous_12)
FN:172,(anonymous_13)
FN:177,(anonymous_14)
FN:182,(anonymous_15)
FN:186,(anonymous_16)
FN:196,(anonymous_17)
FN:204,(anonymous_18)
FN:210,(anonymous_19)
FN:230,(anonymous_20)
FN:233,countStart
FN:245,(anonymous_22)
FN:344,getCountObject
FN:353,(anonymous_24)
FN:361,getAnimeObject
FN:377,getMachineAnimeObject
FN:391,loadInitialData
FN:396,saveInitialData
FN:406,clearInitialData
FN:411,toggleUserMenu
FN:417,(anonymous_31)
FN:424,(anonymous_32)
FN:431,(anonymous_33)
FN:438,(anonymous_34)
FN:445,(anonymous_35)
FN:452,sum
FNF:37
FNH:5
FNDA:0,(anonymous_0)
FNDA:0,(anonymous_1)
FNDA:0,(anonymous_2)
FNDA:0,(anonymous_3)
FNDA:0,ticked
FNDA:0,(anonymous_5)
FNDA:0,(anonymous_6)
FNDA:0,(anonymous_7)
FNDA:0,(anonymous_8)
FNDA:0,(anonymous_9)
FNDA:0,(anonymous_10)
FNDA:1,(anonymous_11)
FNDA:0,(anonymous_12)
FNDA:1,(anonymous_13)
FNDA:0,(anonymous_14)
FNDA:1,(anonymous_15)
FNDA:0,(anonymous_16)
FNDA:0,(anonymous_17)
FNDA:0,(anonymous_18)
FNDA:0,(anonymous_19)
FNDA:1,(anonymous_20)
FNDA:0,countStart
FNDA:0,(anonymous_22)
FNDA:0,getCountObject
FNDA:0,(anonymous_24)
FNDA:0,getAnimeObject
FNDA:0,getMachineAnimeObject
FNDA:0,loadInitialData
FNDA:0,saveInitialData
FNDA:0,clearInitialData
FNDA:0,toggleUserMenu
FNDA:0,(anonymous_31)
FNDA:0,(anonymous_32)
FNDA:0,(anonymous_33)
FNDA:0,(anonymous_34)
FNDA:0,(anonymous_35)
FNDA:1,sum
DA:13,1
DA:50,1
DA:59,1
DA:68,0
DA:83,1
DA:90,0
DA:95,0
DA:98,1
DA:99,1
DA:101,0
DA:120,0
DA:122,0
DA:126,0
DA:130,0
DA:131,0
DA:132,0
DA:133,0
DA:134,0
DA:136,0
DA:143,1
DA:145,1
DA:146,1
DA:147,1
DA:148,1
DA:149,1
DA:150,1
DA:151,1
DA:155,0
DA:173,1
DA:174,1
DA:178,0
DA:179,0
DA:183,1
DA:188,0
DA:189,0
DA:190,0
DA:191,0
DA:195,0
DA:196,0
DA:198,0
DA:199,0
DA:201,0
DA:202,0
DA:203,0
DA:204,0
DA:206,0
DA:208,0
DA:209,0
DA:211,0
DA:214,0
DA:216,0
DA:219,0
DA:220,0
DA:224,1
DA:226,1
DA:229,1
DA:230,1
DA:234,0
DA:235,0
DA:237,0
DA:239,0
DA:242,0
DA:243,0
DA:245,0
DA:247,0
DA:249,0
DA:250,0
DA:251,0
DA:252,0
DA:260,0
DA:262,0
DA:263,0
DA:264,0
DA:265,0
DA:267,0
DA:268,0
DA:269,0
DA:270,0
DA:271,0
DA:272,0
DA:287,0
DA:289,0
DA:291,0
DA:294,0
DA:295,0
DA:296,0
DA:299,0
DA:300,0
DA:301,0
DA:303,0
DA:304,0
DA:305,0
DA:308,0
DA:309,0
DA:310,0
DA:311,0
DA:312,0
DA:313,0
DA:314,0
DA:317,0
DA:319,0
DA:321,0
DA:324,0
DA:345,0
DA:348,0
DA:354,0
DA:355,0
DA:359,0
DA:362,0
DA:363,0
DA:374,0
DA:379,0
DA:388,0
DA:392,0
DA:393,0
DA:397,0
DA:398,0
DA:399,0
DA:400,0
DA:401,0
DA:402,0
DA:403,0
DA:407,0
DA:408,0
DA:413,0
DA:414,0
DA:417,1
DA:418,0
DA:419,0
DA:420,0
DA:424,1
DA:425,0
DA:426,0
DA:427,0
DA:431,1
DA:432,0
DA:433,0
DA:434,0
DA:438,1
DA:439,0
DA:440,0
DA:441,0
DA:445,1
DA:446,0
DA:447,0
DA:448,0
DA:453,1
DA:455,1
LF:148
LH:28
BRDA:99,0,0,0
BRDA:99,0,1,1
BRDA:191,1,0,0
BRDA:191,1,1,0
BRDA:191,1,2,0
BRDA:201,2,0,0
BRDA:201,2,1,0
BRDA:211,3,0,0
BRDA:211,3,1,0
BRDA:249,4,0,0
BRDA:249,4,1,0
BRDA:250,5,0,0
BRDA:250,5,1,0
BRDA:260,6,0,0
BRDA:260,6,1,0
BRDA:260,6,2,0
BRDA:263,7,0,0
BRDA:263,7,1,0
BRDA:263,8,0,0
BRDA:263,8,1,0
BRDA:264,9,0,0
BRDA:264,9,1,0
BRDA:308,10,0,0
BRDA:308,10,1,0
BRDA:317,11,0,0
BRDA:317,11,1,0
BRDA:319,12,0,0
BRDA:319,12,1,0
BRDA:419,13,0,0
BRDA:419,13,1,0
BRDA:426,14,0,0
BRDA:426,14,1,0
BRDA:433,15,0,0
BRDA:433,15,1,0
BRDA:440,16,0,0
BRDA:440,16,1,0
BRDA:447,17,0,0
BRDA:447,17,1,0
BRF:38
BRH:1
end_of_record
